[0m18:28:41.502058 [debug] [MainThread]: Sending event: {'category': 'dbt', 'action': 'invocation', 'label': 'start', 'context': [<snowplow_tracker.self_describing_json.SelfDescribingJson object at 0x00000202D6FD91C0>, <snowplow_tracker.self_describing_json.SelfDescribingJson object at 0x00000202D8CB17F0>, <snowplow_tracker.self_describing_json.SelfDescribingJson object at 0x00000202D8CB18E0>]}


============================== 18:28:41.618409 | ef506f03-91d2-4b75-ae06-186d9e775387 ==============================
[0m18:28:41.618409 [info ] [MainThread]: Running with dbt=1.10.13
[0m18:28:41.619405 [debug] [MainThread]: running dbt with arguments {'use_colors': 'True', 'cache_selected_only': 'False', 'write_json': 'True', 'log_format': 'default', 'no_print': 'None', 'warn_error': 'None', 'static_parser': 'True', 'fail_fast': 'False', 'partial_parse': 'True', 'send_anonymous_usage_stats': 'True', 'indirect_selection': 'eager', 'warn_error_options': 'WarnErrorOptionsV2(error=[], warn=[], silence=[])', 'log_path': 'logs', 'use_experimental_parser': 'False', 'version_check': 'True', 'quiet': 'False', 'introspect': 'True', 'empty': 'None', 'log_cache_events': 'False', 'debug': 'False', 'profiles_dir': 'C:\\Users\\alexa\\.dbt', 'invocation_command': 'dbt init', 'printer_width': '80', 'target_path': 'None'}
[0m18:29:07.456929 [debug] [MainThread]: Starter project path: C:\Users\alexa\Desktop\Certificados_TCS\Jornada de Dados\Bootcamp_dbt_core\dbt-core-dw-commodities\.venv\Lib\site-packages\dbt\include\starter_project
[0m18:29:07.486647 [info ] [MainThread]: 
Your new dbt project "dbtcorecommodities" was created!

For more information on how to configure the profiles.yml file,
please consult the dbt documentation here:

  https://docs.getdbt.com/docs/configure-your-profile

One more thing:

Need help? Don't hesitate to reach out to us via GitHub issues or on Slack:

  https://community.getdbt.com/

Happy modeling!

[0m18:29:07.486647 [info ] [MainThread]: Setting up your profile.
[0m18:29:52.666332 [info ] [MainThread]: Profile dbtcorecommodities written to C:\Users\alexa\.dbt\profiles.yml using target's profile_template.yml and your supplied values. Run 'dbt debug' to validate the connection.
[0m18:29:52.667334 [debug] [MainThread]: Command `dbt init` succeeded at 18:29:52.667334 after 71.29 seconds
[0m18:29:52.667334 [debug] [MainThread]: Sending event: {'category': 'dbt', 'action': 'invocation', 'label': 'end', 'context': [<snowplow_tracker.self_describing_json.SelfDescribingJson object at 0x00000202D89BE390>, <snowplow_tracker.self_describing_json.SelfDescribingJson object at 0x00000202D8B13C80>, <snowplow_tracker.self_describing_json.SelfDescribingJson object at 0x00000202D8CEA120>]}
[0m18:29:52.668355 [debug] [MainThread]: Flushing usage events
[0m18:29:53.926799 [debug] [MainThread]: An error was encountered while trying to flush usage events
[0m18:30:04.719813 [debug] [MainThread]: Sending event: {'category': 'dbt', 'action': 'invocation', 'label': 'start', 'context': [<snowplow_tracker.self_describing_json.SelfDescribingJson object at 0x000001941C4CAFF0>, <snowplow_tracker.self_describing_json.SelfDescribingJson object at 0x000001941BF9D1C0>, <snowplow_tracker.self_describing_json.SelfDescribingJson object at 0x000001941C4C8320>]}


============================== 18:30:04.722919 | c9fa4728-849a-403d-9d5d-c233951f4227 ==============================
[0m18:30:04.722919 [info ] [MainThread]: Running with dbt=1.10.13
[0m18:30:04.723920 [debug] [MainThread]: running dbt with arguments {'printer_width': '80', 'use_colors': 'True', 'target_path': 'None', 'log_format': 'default', 'profiles_dir': 'C:\\Users\\alexa\\.dbt', 'warn_error': 'None', 'log_path': 'logs', 'fail_fast': 'False', 'partial_parse': 'True', 'send_anonymous_usage_stats': 'True', 'static_parser': 'True', 'warn_error_options': 'WarnErrorOptionsV2(error=[], warn=[], silence=[])', 'indirect_selection': 'eager', 'use_experimental_parser': 'False', 'version_check': 'True', 'quiet': 'False', 'introspect': 'True', 'empty': 'None', 'log_cache_events': 'False', 'debug': 'False', 'no_print': 'None', 'invocation_command': 'dbt debug', 'cache_selected_only': 'False', 'write_json': 'True'}
[0m18:30:04.768621 [info ] [MainThread]: dbt version: 1.10.13
[0m18:30:04.768621 [info ] [MainThread]: python version: 3.12.1
[0m18:30:04.768621 [info ] [MainThread]: python path: C:\Users\alexa\Desktop\Certificados_TCS\Jornada de Dados\Bootcamp_dbt_core\dbt-core-dw-commodities\.venv\Scripts\python.exe
[0m18:30:04.770125 [info ] [MainThread]: os info: Windows-11-10.0.26100-SP0
[0m18:30:04.821171 [info ] [MainThread]: Using profiles dir at C:\Users\alexa\.dbt
[0m18:30:04.821171 [info ] [MainThread]: Using profiles.yml file at C:\Users\alexa\.dbt\profiles.yml
[0m18:30:04.822676 [info ] [MainThread]: Using dbt_project.yml file at C:\Users\alexa\Desktop\Certificados_TCS\Jornada de Dados\Bootcamp_dbt_core\dbt-core-dw-commodities\dbt_project.yml
[0m18:30:04.823685 [error] [MainThread]: Encountered an error:
Internal Error
  Profile should not be None if loading profile completed
[0m18:30:04.824686 [debug] [MainThread]: Command `dbt debug` failed at 18:30:04.824686 after 0.22 seconds
[0m18:30:04.825782 [debug] [MainThread]: Sending event: {'category': 'dbt', 'action': 'invocation', 'label': 'end', 'context': [<snowplow_tracker.self_describing_json.SelfDescribingJson object at 0x000001941CADC590>, <snowplow_tracker.self_describing_json.SelfDescribingJson object at 0x000001941DFD2CF0>, <snowplow_tracker.self_describing_json.SelfDescribingJson object at 0x000001941C9A4800>]}
[0m18:30:04.825782 [debug] [MainThread]: Flushing usage events
[0m18:30:06.031335 [debug] [MainThread]: An error was encountered while trying to flush usage events
[0m18:36:02.213596 [debug] [MainThread]: Sending event: {'category': 'dbt', 'action': 'invocation', 'label': 'start', 'context': [<snowplow_tracker.self_describing_json.SelfDescribingJson object at 0x00000289F2646BA0>, <snowplow_tracker.self_describing_json.SelfDescribingJson object at 0x00000289F4E37C20>, <snowplow_tracker.self_describing_json.SelfDescribingJson object at 0x00000289F4E37B00>]}


============================== 18:36:02.217818 | 00c8596c-5725-4ea7-b2e7-475d1c26ec4a ==============================
[0m18:36:02.217818 [info ] [MainThread]: Running with dbt=1.10.13
[0m18:36:02.217818 [debug] [MainThread]: running dbt with arguments {'profiles_dir': 'C:\\Users\\alexa\\.dbt', 'printer_width': '80', 'log_format': 'default', 'use_colors': 'True', 'write_json': 'True', 'warn_error': 'None', 'static_parser': 'True', 'partial_parse': 'True', 'log_path': 'logs', 'send_anonymous_usage_stats': 'True', 'indirect_selection': 'eager', 'warn_error_options': 'WarnErrorOptionsV2(error=[], warn=[], silence=[])', 'fail_fast': 'False', 'use_experimental_parser': 'False', 'version_check': 'True', 'quiet': 'False', 'introspect': 'True', 'empty': 'None', 'log_cache_events': 'False', 'debug': 'False', 'no_print': 'None', 'invocation_command': 'dbt deps', 'cache_selected_only': 'False', 'target_path': 'None'}
[0m18:36:02.219353 [error] [MainThread]: Encountered an error:
Runtime Error
  No dbt_project.yml found at expected path C:\Users\alexa\Desktop\Certificados_TCS\Jornada de Dados\Bootcamp_dbt_core\dbt-core-dw-commodities\dbt_project.yml
  Verify that each entry within packages.yml (and their transitive dependencies) contains a file named dbt_project.yml
  
[0m18:36:02.219353 [debug] [MainThread]: Command `dbt deps` failed at 18:36:02.219353 after 0.11 seconds
[0m18:36:02.219353 [debug] [MainThread]: Sending event: {'category': 'dbt', 'action': 'invocation', 'label': 'end', 'context': [<snowplow_tracker.self_describing_json.SelfDescribingJson object at 0x00000289F573C650>, <snowplow_tracker.self_describing_json.SelfDescribingJson object at 0x00000289F58EA5A0>, <snowplow_tracker.self_describing_json.SelfDescribingJson object at 0x00000289F58EAF60>]}
[0m18:36:02.220377 [debug] [MainThread]: Flushing usage events
[0m18:36:03.858063 [debug] [MainThread]: An error was encountered while trying to flush usage events
